The size of class P1a is 16.
============================
Addresses of arr1b_1[5] are:
&arr1b_1[0]: 0x7fff88d2a970
&arr1b_1[1]: 0x7fff88d2a980
&arr1b_1[2]: 0x7fff88d2a990
&arr1b_1[3]: 0x7fff88d2a9a0
&arr1b_1[4]: 0x7fff88d2a9b0
&arr1b_1: 0x7fff88d2a938
============================
Addresses of arr1b_2[5] are:
&arr1b_2[0]: 0x7fe048
&arr1b_2[1]: 0x7fe058
&arr1b_2[2]: 0x7fe068
&arr1b_2[3]: 0x7fe078
&arr1b_2[4]: 0x7fe088
&arr1b_2: 0x7fff88d2a978
============================
Addresses of arr1b_3[5] are:
&arr1b_3[0]: 0x7fe010
&arr1b_3[1]: 0x7fe018
&arr1b_3[2]: 0x7fe020
&arr1b_3[3]: 0x7fe028
&arr1b_3[4]: 0x7fe030
Contents of arr1b_3[5] are: 
arr1b_3[0]: 

arr1b_3[1]: 

arr1b_3[2]: 

arr1b_3[3]: 

arr1b_3[4]: 

&arr1b_3: 0x7fff88d2a9b8
