================================================================
U14 0 0
U13 0 0
U12 2.70902 1.88738
U11 18.214 12.7616
U10 0 0
U9 0 0
U8 0 0
================================================================
U14 3.25426 1.67027
U13 0 0
U12 0 0
U11 0 1.67027
U10 0 0
U9 0 0
U8 0 0
================================================================
U14 2.69805 1.88146
U13 0 0
U12 0 0
U11 -107.857 12.0534
U10 0 0
U9 0 0
U8 0 0
================================================================
U14 0 0
U13 0 0
U12 1.98919 0.938975
U11 59.2715 5.99851
U10 0 0
U9 4.15247 1.97934
U8 6.02069 7.88702
================================================================
U14 0 0
U13 3.53068 2.09451
U12 2.71107 4.12011
U11 66.0737 10.1812
U10 3.31075 3.75626
U9 0 0
U8 10.3217 8.24875
================================================================
U14 0 0
U13 0 0
U12 0 0
U11 0 0
U10 0 0
U9 0 0
U8 0 0
================================================================
U14 0 0
U13 0 0
U12 1.98919 0.938975
U11 59.2715 5.99851
U10 0 0
U9 0 0
U8 0 0
================================================================
U14 3.25426 1.67027
U13 0 0
U12 2.70902 1.88738
U11 18.0398 9.40681
U10 0 0
U9 1.41989 0.680017
U8 32.0166 10.9972
================================================================
U14 1.36961 0.8673
U13 0 0
U12 0 0
U11 0 0.8673
U10 0 0
U9 0 0
U8 0 0
================================================================
U14 0 0
U13 0 0
U12 2.70902 1.88738
U11 18.214 12.7616
U10 0 0
U9 0 0
U8 0 0
================================================================
U14 0 0
U13 3.53068 2.09451
U12 0 2.09451
U11 0 2.09451
U10 3.31075 3.75626
U9 1.1775 0.887404
U8 0 3.75626
================================================================
U14 0 0
U13 2.57973 1.0174
U12 0 1.0174
U11 0 1.0174
U10 3.4487 2.50961
U9 0 0
U8 9.81773 16.0018
================================================================
U14 0 0
U13 0 0
U12 0 0
U11 0 0
U10 0 0
U9 0 0
U8 0 0
================================================================
U14 1.36961 0.8673
U13 1.84939 0.912291
U12 0 0.912291
U11 24.1433 16.1272
U10 3.29481 2.39883
U9 4.28225 2.06432
U8 0 2.39883
================================================================
U14 0 0
U13 0 0
U12 0 0
U11 0 0
U10 0 0
U9 1.26703 0.814788
U8 33.2097 11.0271
================================================================
U14 2.69805 1.88146
U13 3.5015 2.2685
U12 2.69988 4.28964
U11 0 4.28964
U10 3.30839 3.92707
U9 0 0
U8 10.3142 8.41681
================================================================
U14 0 0
U13 0 0
U12 2.70902 1.88738
U11 18.214 12.7616
U10 0 0
U9 1.1775 0.887404
U8 33.2653 10.9656
================================================================
U14 0 0
U13 0 0
U12 0 0
U11 0 0
U10 0 0
U9 0 0
U8 0 0
================================================================
U14 0 0
U13 0 0
U12 0 0
U11 0 0
U10 0 0
U9 0 0
U8 0 0
================================================================
U14 2.69805 1.88146
U13 3.5015 2.2685
U12 0 2.2685
U11 -107.857 12.0534
U10 3.30839 3.92707
U9 1.41989 0.680017
U8 0 3.92707
================================================================
U14 0 0
U13 4.36964 2.06905
U12 0 2.06905
U11 0 2.06905
U10 3.3786 3.82213
U9 0 0
U8 10.5399 8.3937
================================================================
U14 3.25426 1.67027
U13 3.53068 2.09451
U12 2.86589 4.11921
U11 0 4.11921
U10 3.31075 3.75626
U9 0 0
U8 10.3217 8.24875
================================================================
U14 1.37903 0.723633
U13 1.84939 0.912291
U12 0 0.912291
U11 24.0723 15.9829
U10 3.29481 2.39883
U9 0 0
U8 0 2.39883
================================================================
U14 1.98123 0.938125
U13 0 0
U12 1.98919 0.938975
U11 24.7037 14.7362
U10 0 0
U9 3.6284 2.31833
U8 6.02057 7.83658
================================================================
U14 0 0
U13 3.5015 2.2685
U12 2.69988 4.28964
U11 0 4.28964
U10 3.30839 3.92707
U9 0 0
U8 10.3142 8.41681
================================================================
U14 2.69805 1.88146
U13 2.57973 1.0174
U12 0 1.0174
U11 -107.857 12.0534
U10 3.4487 2.50961
U9 1.26703 0.814788
U8 24.243 16.9228
================================================================
U14 0 0
U13 3.53068 2.09451
U12 2.86589 4.11921
U11 67.5325 10.3951
U10 3.31075 3.75626
U9 3.6284 2.31833
U8 8.64222 8.36105
================================================================
U14 1.37903 0.723633
U13 0 0
U12 1.98919 0.938975
U11 22.5188 14.002
U10 0 0
U9 0 0
U8 0 0
================================================================
U14 0 0
U13 0 0
U12 0 0
U11 0 0
U10 0 0
U9 0 0
U8 0 0
================================================================
U14 1.36961 0.8673
U13 0 0
U12 0 0
U11 24.1433 16.1272
U10 0 0
U9 0 0
U8 0 0
================================================================
U14 0 0
U13 0 0
U12 0 0
U11 0 0
U10 0 0
U9 0 0
U8 0 0
================================================================
U14 0 0
U13 3.53068 2.09451
U12 2.86589 4.11921
U11 67.5325 10.3951
U10 3.31075 3.75626
U9 0 0
U8 10.3217 8.24875
================================================================
U14 0 0
U13 0 0
U12 0 0
U11 0 0
U10 0 0
U9 0 0
U8 0 0
================================================================
U14 2.77326 1.69567
U13 3.53068 2.09451
U12 0 2.09451
U11 -108.926 12.0413
U10 3.31075 3.75626
U9 1.1775 0.887404
U8 0 3.75626
================================================================
U14 0 0
U13 0 0
U12 1.98919 0.938975
U11 59.2715 5.99851
U10 0 0
U9 4.15247 1.97934
U8 6.02069 7.88702
================================================================
U14 0 0
U13 0 0
U12 2.70902 1.88738
U11 18.214 12.7616
U10 0 0
U9 1.1775 0.887404
U8 33.2653 10.9656
================================================================
U14 0 0
U13 0 0
U12 2.70902 1.88738
U11 18.214 12.7616
U10 0 0
U9 0 0
U8 0 0
================================================================
U14 1.36961 0.8673
U13 1.84939 0.912291
U12 3.02632 4.13493
U11 0 4.13493
U10 3.29481 2.39883
U9 0 0
U8 11.75 15.6537
================================================================
U14 0 0
U13 2.57973 1.0174
U12 0 1.0174
U11 0 1.0174
U10 3.4487 2.50961
U9 4.28225 2.06432
U8 0 2.50961
================================================================
U14 0 0
U13 2.57973 1.0174
U12 3.06599 5.10709
U11 17.4932 16.8395
U10 3.4487 2.50961
U9 1.1775 0.887404
U8 23.6096 17.4332
================================================================
U14 0 0
U13 0 0
U12 2.70902 1.88738
U11 18.214 12.7616
U10 0 0
U9 0 0
U8 0 0
================================================================
U14 2.69805 1.88146
U13 3.5015 2.2685
U12 0 2.2685
U11 -107.857 12.0534
U10 3.30839 3.92707
U9 1.1775 0.887404
U8 0 3.92707
================================================================
U14 3.25426 1.67027
U13 4.36964 2.06905
U12 3.03272 4.22282
U11 0 4.22282
U10 3.3786 3.82213
U9 0 0
U8 10.5399 8.3937
================================================================
U14 0 0
U13 0 0
U12 1.98919 0.938975
U11 59.2715 5.99851
U10 0 0
U9 0 0
U8 0 0
================================================================
U14 0 0
U13 0 0
U12 2.70902 1.88738
U11 18.214 12.7616
U10 0 0
U9 1.41989 0.680017
U8 32.0166 10.9972
================================================================
U14 0 0
U13 0 0
U12 0 0
U11 0 0
U10 0 0
U9 0 0
U8 0 0
================================================================
U14 0 0
U13 0 0
U12 0 0
U11 0 0
U10 0 0
U9 0 0
U8 0 0
================================================================
U14 1.36961 0.8673
U13 0 0
U12 0 0
U11 0 0.8673
U10 0 0
U9 0 0
U8 0 0
================================================================
U14 0 0
U13 3.5015 2.2685
U12 0 2.2685
U11 0 2.2685
U10 3.30839 3.92707
U9 0 0
U8 10.3142 8.41681
================================================================
U14 0 0
U13 0 0
U12 0 0
U11 0 0
U10 0 0
U9 0 0
U8 0 0
================================================================
U14 0 0
U13 0 0
U12 1.98919 0.938975
U11 59.2715 5.99851
U10 0 0
U9 4.15247 1.97934
U8 6.02069 7.88702
================================================================
U14 0 0
U13 0 0
U12 1.98919 0.938975
U11 59.2715 5.99851
U10 0 0
U9 0 0
U8 0 0
================================================================
U14 0 0
U13 1.84939 0.912291
U12 2.95193 4.28478
U11 17.7235 15.7429
U10 3.29481 2.39883
U9 0 0
U8 11.75 15.6537
================================================================
U14 0 0
U13 0 0
U12 0 0
U11 0 0
U10 0 0
U9 4.28225 2.06432
U8 6.02072 8.06843
================================================================
U14 0 0
U13 1.84939 0.912291
U12 0 0.912291
U11 0 0.912291
U10 3.29481 2.39883
U9 0 0
U8 11.75 15.6537
================================================================
U14 0 0
U13 4.36964 2.06905
U12 0 2.06905
U11 0 2.06905
U10 3.3786 3.82213
U9 1.41989 0.680017
U8 0 3.82213
================================================================
U14 0 0
U13 0 0
U12 0 0
U11 0 0
U10 0 0
U9 0 0
U8 0 0
================================================================
U14 0 0
U13 0 0
U12 2.70902 1.88738
U11 18.214 12.7616
U10 0 0
U9 1.1775 0.887404
U8 33.2653 10.9656
================================================================
U14 2.77326 1.69567
U13 4.36964 2.06905
U12 3.03272 4.22282
U11 0 4.22282
U10 3.3786 3.82213
U9 0 0
U8 10.5399 8.3937
================================================================
U14 1.98123 0.938125
U13 0 0
U12 0 0
U11 19.5351 16.1534
U10 0 0
U9 0 0
U8 0 0
================================================================
U14 0 0
U13 0 0
U12 1.98919 0.938975
U11 59.2715 5.99851
U10 0 0
U9 0 0
U8 0 0
================================================================
U14 2.69805 1.88146
U13 0 0
U12 0 0
U11 -107.857 12.0534
U10 0 0
U9 3.6284 2.31833
U8 0 2.31833
================================================================
U14 0 0
U13 0 0
U12 0 0
U11 0 0
U10 0 0
U9 0 0
U8 0 0
================================================================
U14 0 0
U13 0 0
U12 0 0
U11 0 0
U10 0 0
U9 0 0
U8 0 0
================================================================
U14 1.37903 0.723633
U13 1.82625 1.05388
U12 3.02411 4.25401
U11 0 4.25401
U10 3.28993 2.54024
U9 0 0
U8 11.8112 15.7875
================================================================
U14 0 0
U13 0 0
U12 0 0
U11 0 0
U10 0 0
U9 0 0
U8 0 0
================================================================
U14 0 0
U13 0 0
U12 0 0
U11 0 0
U10 0 0
U9 4.28225 2.06432
U8 0 2.06432
================================================================
U14 1.37903 0.723633
U13 0 0
U12 0 0
U11 24.0723 15.9829
U10 0 0
U9 0 0
U8 0 0
================================================================
U14 0 0
U13 0 0
U12 1.98919 0.938975
U11 59.2715 5.99851
U10 0 0
U9 4.15247 1.97934
U8 6.02069 7.88702
================================================================
U14 0 0
U13 0 0
U12 2.70902 1.88738
U11 18.214 12.7616
U10 0 0
U9 1.1775 0.887404
U8 33.2653 10.9656
================================================================
U14 0 0
U13 0 0
U12 0 0
U11 0 0
U10 0 0
U9 0 0
U8 0 0
================================================================
U14 0 0
U13 0 0
U12 0 0
U11 0 0
U10 0 0
U9 0 0
U8 0 0
================================================================
U14 1.98123 0.938125
U13 0 0
U12 0 0
U11 0 0.938125
U10 0 0
U9 0 0
U8 0 0
================================================================
U14 0 0
U13 0 0
U12 0 0
U11 0 0
U10 0 0
U9 0 0
U8 0 0
================================================================
U14 0 0
U13 0 0
U12 1.98919 0.938975
U11 59.2715 5.99851
U10 0 0
U9 4.15247 1.97934
U8 6.02069 7.88702
================================================================
U14 1.98123 0.938125
U13 2.57973 1.0174
U12 0 1.0174
U11 19.5351 16.1534
U10 3.4487 2.50961
U9 1.26703 0.814788
U8 24.243 16.9228
================================================================
U14 1.36961 0.8673
U13 1.84939 0.912291
U12 3.02632 4.13493
U11 0 4.13493
U10 3.29481 2.39883
U9 0 0
U8 11.75 15.6537
================================================================
U14 0 0
U13 2.57973 1.0174
U12 0 1.0174
U11 0 1.0174
U10 3.4487 2.50961
U9 4.15247 1.97934
U8 0 2.50961
================================================================
U14 0 0
U13 0 0
U12 1.98919 0.938975
U11 59.2715 5.99851
U10 0 0
U9 4.15247 1.97934
U8 6.02069 7.88702
================================================================
U14 0 0
U13 1.82625 1.05388
U12 0 1.05388
U11 0 1.05388
U10 3.28993 2.54024
U9 4.15247 1.97934
U8 0 2.54024
================================================================
U14 0 0
U13 0 0
U12 0 0
U11 0 0
U10 0 0
U9 1.26703 0.814788
U8 33.2097 11.0271
================================================================
U14 3.25426 1.67027
U13 3.53068 2.09451
U12 2.86589 4.11921
U11 0 4.11921
U10 3.31075 3.75626
U9 4.15247 1.97934
U8 8.53515 8.11752
================================================================
U14 0 0
U13 0 0
U12 1.98919 0.938975
U11 59.2715 5.99851
U10 0 0
U9 0 0
U8 0 0
================================================================
U14 0 0
U13 2.57973 1.0174
U12 3.06599 5.10709
U11 0 5.10709
U10 3.4487 2.50961
U9 0 0
U8 9.81773 16.0018
================================================================
U14 0 0
U13 0 0
U12 0 0
U11 0 0
U10 0 0
U9 0 0
U8 0 0
================================================================
U14 0 0
U13 1.84939 0.912291
U12 0 0.912291
U11 0 0.912291
U10 3.29481 2.39883
U9 3.6284 2.31833
U8 0 2.39883
================================================================
U14 0 0
U13 0 0
U12 1.98919 0.938975
U11 59.2715 5.99851
U10 0 0
U9 4.15247 1.97934
U8 6.02069 7.88702
================================================================
U14 0 0
U13 1.82625 1.05388
U12 3.02411 4.25401
U11 17.5778 15.8857
U10 3.28993 2.54024
U9 0 0
U8 11.8112 15.7875
================================================================
U14 0 0
U13 0 0
U12 2.70902 1.88738
U11 18.214 12.7616
U10 0 0
U9 1.41989 0.680017
U8 32.0166 10.9972
================================================================
U14 0 0
U13 0 0
U12 1.98919 0.938975
U11 59.2715 5.99851
U10 0 0
U9 0 0
U8 0 0
================================================================
U14 0 0
U13 0 0
U12 1.98919 0.938975
U11 59.2715 5.99851
U10 0 0
U9 3.6284 2.31833
U8 6.02057 7.83658
================================================================
U14 1.37903 0.723633
U13 1.84939 0.912291
U12 2.95193 4.28478
U11 0 4.28478
U10 3.29481 2.39883
U9 1.41989 0.680017
U8 25.0727 15.6284
================================================================
U14 1.98123 0.938125
U13 2.57973 1.0174
U12 3.0962 4.95083
U11 0 4.95083
U10 3.4487 2.50961
U9 0 0
U8 9.81773 16.0018
================================================================
U14 1.36961 0.8673
U13 0 0
U12 2.70902 1.88738
U11 0 1.88738
U10 0 0
U9 0 0
U8 0 0
================================================================
U14 1.98123 0.938125
U13 3.5015 2.2685
U12 0 2.2685
U11 19.5351 16.1534
U10 3.30839 3.92707
U9 1.1775 0.887404
U8 0 3.92707
================================================================
U14 1.37903 0.723633
U13 0 0
U12 1.98919 0.938975
U11 22.5188 14.002
U10 0 0
U9 0 0
U8 0 0
================================================================
U14 2.77326 1.69567
U13 4.36964 2.06905
U12 0 2.06905
U11 -108.926 12.0413
U10 3.3786 3.82213
U9 1.1775 0.887404
U8 0 3.82213
================================================================
U14 0 0
U13 1.82625 1.05388
U12 3.02411 4.25401
U11 17.5778 15.8857
U10 3.28993 2.54024
U9 0 0
U8 11.8112 15.7875
================================================================
U14 0 0
U13 3.5015 2.2685
U12 0 2.2685
U11 0 2.2685
U10 3.30839 3.92707
U9 4.28225 2.06432
U8 8.49809 8.22638
================================================================
U14 1.98123 0.938125
U13 2.57973 1.0174
U12 0 1.0174
U11 19.5351 16.1534
U10 3.4487 2.50961
U9 4.15247 1.97934
U8 0 2.50961
================================================================
U14 0 0
U13 0 0
U12 0 0
U11 0 0
U10 0 0
U9 1.1775 0.887404
U8 0 0.887404
================================================================
U14 1.36961 0.8673
U13 1.82625 1.05388
U12 3.02411 4.25401
U11 0 4.25401
U10 3.28993 2.54024
U9 0 0
U8 11.8112 15.7875
================================================================
U14 0 0
U13 0 0
U12 1.98919 0.938975
U11 59.2715 5.99851
U10 0 0
U9 3.6284 2.31833
U8 6.02057 7.83658
================================================================
U14 1.98123 0.938125
U13 3.5015 2.2685
U12 0 2.2685
U11 19.5351 16.1534
U10 3.30839 3.92707
U9 0 0
U8 10.3142 8.41681
================================================================
U14 1.36961 0.8673
U13 1.84939 0.912291
U12 0 0.912291
U11 24.1433 16.1272
U10 3.29481 2.39883
U9 0 0
U8 11.75 15.6537
================================================================
U14 2.69805 1.88146
U13 0 0
U12 2.70902 1.88738
U11 17.4869 8.52146
U10 0 0
U9 0 0
U8 0 0
================================================================
U14 1.36961 0.8673
U13 0 0
U12 0 0
U11 24.1433 16.1272
U10 0 0
U9 1.26703 0.814788
U8 33.2097 11.0271
================================================================
U14 1.37903 0.723633
U13 1.84939 0.912291
U12 0 0.912291
U11 24.0723 15.9829
U10 3.29481 2.39883
U9 0 0
U8 11.75 15.6537
================================================================
U14 0 0
U13 0 0
U12 0 0
U11 0 0
U10 0 0
U9 0 0
U8 0 0
================================================================
U14 0 0
U13 0 0
U12 2.70902 1.88738
U11 18.214 12.7616
U10 0 0
U9 0 0
U8 0 0
================================================================
U14 0 0
U13 0 0
U12 1.98919 0.938975
U11 59.2715 5.99851
U10 0 0
U9 0 0
U8 0 0
================================================================
U14 2.69805 1.88146
U13 0 0
U12 1.98919 0.938975
U11 0 1.88146
U10 0 0
U9 4.15247 1.97934
U8 6.02069 7.88702
================================================================
U14 0 0
U13 0 0
U12 0 0
U11 0 0
U10 0 0
U9 0 0
U8 0 0
================================================================
U14 0 0
U13 1.82625 1.05388
U12 3.02411 4.25401
U11 17.5778 15.8857
U10 3.28993 2.54024
U9 0 0
U8 11.8112 15.7875
================================================================
U14 0 0
U13 0 0
U12 0 0
U11 0 0
U10 0 0
U9 0 0
U8 0 0
================================================================
U14 2.77326 1.69567
U13 4.36964 2.06905
U12 3.03272 4.22282
U11 0 4.22282
U10 3.3786 3.82213
U9 0 0
U8 10.5399 8.3937
================================================================
U14 0 0
U13 0 0
U12 1.98919 0.938975
U11 59.2715 5.99851
U10 0 0
U9 3.6284 2.31833
U8 6.02057 7.83658
================================================================
U14 0 0
U13 0 0
U12 2.70902 1.88738
U11 18.214 12.7616
U10 0 0
U9 1.41989 0.680017
U8 32.0166 10.9972
================================================================
U14 1.37903 0.723633
U13 1.84939 0.912291
U12 0 0.912291
U11 24.0723 15.9829
U10 3.29481 2.39883
U9 1.26703 0.814788
U8 24.2222 16.6315
================================================================
U14 0 0
U13 0 0
U12 0 0
U11 0 0
U10 0 0
U9 0 0
U8 0 0
================================================================
U14 0 0
U13 0 0
U12 1.98919 0.938975
U11 59.2715 5.99851
U10 0 0
U9 4.15247 1.97934
U8 6.02069 7.88702
================================================================
U14 0 0
U13 0 0
U12 0 0
U11 0 0
U10 0 0
U9 1.26703 0.814788
U8 33.2097 11.0271
================================================================
U14 1.98123 0.938125
U13 3.5015 2.2685
U12 2.69988 4.28964
U11 26.5092 20.2549
U10 3.30839 3.92707
U9 0 0
U8 10.3142 8.41681
================================================================
U14 0 0
U13 0 0
U12 1.98919 0.938975
U11 59.2715 5.99851
U10 0 0
U9 0 0
U8 0 0
================================================================
U14 2.69805 1.88146
U13 3.5015 2.2685
U12 2.69988 4.28964
U11 0 4.28964
U10 3.30839 3.92707
U9 0 0
U8 10.3142 8.41681
================================================================
U14 0 0
U13 0 0
U12 0 0
U11 0 0
U10 0 0
U9 0 0
U8 0 0
================================================================
U14 3.25426 1.67027
U13 0 0
U12 0 0
U11 -115.761 13.127
U10 0 0
U9 1.26703 0.814788
U8 33.2097 11.0271
================================================================
U14 0 0
U13 0 0
U12 0 0
U11 0 0
U10 0 0
U9 1.26703 0.814788
U8 33.2097 11.0271
================================================================
U14 1.36961 0.8673
U13 0 0
U12 2.70902 1.88738
U11 0 1.88738
U10 0 0
U9 1.1775 0.887404
U8 33.2653 10.9656
================================================================
U14 1.36961 0.8673
U13 1.82625 1.05388
U12 0 1.05388
U11 24.1433 16.1272
U10 3.28993 2.54024
U9 1.26703 0.814788
U8 24.2215 16.7672
================================================================
U14 0 0
U13 0 0
U12 1.98919 0.938975
U11 59.2715 5.99851
U10 0 0
U9 0 0
U8 0 0
================================================================
U14 3.25426 1.67027
U13 0 0
U12 0 0
U11 0 1.67027
U10 0 0
U9 0 0
U8 0 0
================================================================
U14 2.77326 1.69567
U13 0 0
U12 0 0
U11 -108.926 12.0413
U10 0 0
U9 0 0
U8 0 0
================================================================
U14 0 0
U13 2.57973 1.0174
U12 3.06599 5.10709
U11 17.4932 16.8395
U10 3.4487 2.50961
U9 0 0
U8 9.81773 16.0018
================================================================
U14 1.37903 0.723633
U13 0 0
U12 0 0
U11 24.0723 15.9829
U10 0 0
U9 4.28225 2.06432
U8 6.02072 8.06843
================================================================
U14 1.37903 0.723633
U13 0 0
U12 1.98919 0.938975
U11 22.5188 14.002
U10 0 0
U9 3.6284 2.31833
U8 6.02057 7.83658
================================================================
U14 0 0
U13 0 0
U12 2.70902 1.88738
U11 18.214 12.7616
U10 0 0
U9 0 0
U8 0 0
================================================================
U14 0 0
U13 0 0
U12 1.98919 0.938975
U11 0 0.938975
U10 0 0
U9 0 0
U8 0 0
================================================================
U14 0 0
U13 0 0
U12 2.70902 1.88738
U11 18.214 12.7616
U10 0 0
U9 1.41989 0.680017
U8 32.0166 10.9972
================================================================
U14 0 0
U13 0 0
U12 0 0
U11 0 0
U10 0 0
U9 0 0
U8 0 0
================================================================
U14 2.69805 1.88146
U13 0 0
U12 0 0
U11 -107.857 12.0534
U10 0 0
U9 1.26703 0.814788
U8 0 0.814788
================================================================
U14 0 0
U13 0 0
U12 0 0
U11 0 0
U10 0 0
U9 1.26703 0.814788
U8 33.2097 11.0271
================================================================
U14 0 0
U13 0 0
U12 0 0
U11 0 0
U10 0 0
U9 0 0
U8 0 0
================================================================
U14 0 0
U13 0 0
U12 0 0
U11 0 0
U10 0 0
U9 0 0
U8 0 0
================================================================
U14 3.25426 1.67027
U13 0 0
U12 1.98919 0.938975
U11 0 1.67027
U10 0 0
U9 4.15247 1.97934
U8 6.02069 7.88702
================================================================
U14 0 0
U13 0 0
U12 0 0
U11 0 0
U10 0 0
U9 0 0
U8 0 0
================================================================
U14 0 0
U13 3.5015 2.2685
U12 2.85396 4.28879
U11 0 4.28879
U10 3.30839 3.92707
U9 3.6284 2.31833
U8 8.50194 8.64352
================================================================
U14 0 0
U13 0 0
U12 2.70902 1.88738
U11 18.214 12.7616
U10 0 0
U9 0 0
U8 0 0
================================================================
U14 0 0
U13 0 0
U12 0 0
U11 0 0
U10 0 0
U9 1.26703 0.814788
U8 33.2097 11.0271
================================================================
U14 2.77326 1.69567
U13 4.36964 2.06905
U12 0 2.06905
U11 -108.926 12.0413
U10 3.3786 3.82213
U9 1.41989 0.680017
U8 0 3.82213
================================================================
U14 2.69805 1.88146
U13 0 0
U12 2.70902 1.88738
U11 17.4869 8.52146
U10 0 0
U9 1.41989 0.680017
U8 32.0166 10.9972
================================================================
U14 3.25426 1.67027
U13 4.36964 2.06905
U12 3.03272 4.22282
U11 0 4.22282
U10 3.3786 3.82213
U9 0 0
U8 10.5399 8.3937
================================================================
U14 0 0
U13 0 0
U12 2.70902 1.88738
U11 18.214 12.7616
U10 0 0
U9 1.1775 0.887404
U8 33.2653 10.9656
================================================================
U14 2.77326 1.69567
U13 0 0
U12 1.98919 0.938975
U11 0 1.69567
U10 0 0
U9 0 0
U8 0 0
================================================================
U14 0 0
U13 2.57973 1.0174
U12 3.0962 4.95083
U11 17.4322 16.7558
U10 3.4487 2.50961
U9 0 0
U8 9.81773 16.0018
================================================================
U14 0 0
U13 3.53068 2.09451
U12 2.71107 4.12011
U11 66.0737 10.1812
U10 3.31075 3.75626
U9 0 0
U8 10.3217 8.24875
================================================================
U14 0 0
U13 0 0
U12 0 0
U11 0 0
U10 0 0
U9 0 0
U8 0 0
================================================================
U14 2.77326 1.69567
U13 0 0
U12 1.98919 0.938975
U11 0 1.69567
U10 0 0
U9 3.6284 2.31833
U8 6.02057 7.83658
================================================================
U14 0 0
U13 0 0
U12 1.98919 0.938975
U11 59.2715 5.99851
U10 0 0
U9 4.15247 1.97934
U8 6.02069 7.88702
================================================================
U14 1.37903 0.723633
U13 0 0
U12 0 0
U11 0 0.723633
U10 0 0
U9 0 0
U8 0 0
================================================================
U14 0 0
U13 0 0
U12 0 0
U11 0 0
U10 0 0
U9 0 0
U8 0 0
================================================================
U14 3.25426 1.67027
U13 0 0
U12 0 0
U11 -115.761 13.127
U10 0 0
U9 1.26703 0.814788
U8 33.2097 11.0271
================================================================
U14 1.36961 0.8673
U13 1.82625 1.05388
U12 0 1.05388
U11 24.1433 16.1272
U10 3.28993 2.54024
U9 1.26703 0.814788
U8 24.2215 16.7672
================================================================
U14 0 0
U13 3.5015 2.2685
U12 0 2.2685
U11 0 2.2685
U10 3.30839 3.92707
U9 0 0
U8 0 3.92707
================================================================
U14 0 0
U13 0 0
U12 2.70902 1.88738
U11 18.214 12.7616
U10 0 0
U9 0 0
U8 0 0
================================================================
U14 0 0
U13 3.53068 2.09451
U12 0 2.09451
U11 0 2.09451
U10 3.31075 3.75626
U9 1.26703 0.814788
U8 0 3.75626
================================================================
U14 0 0
U13 0 0
U12 2.70902 1.88738
U11 18.214 12.7616
U10 0 0
U9 0 0
U8 0 0
================================================================
U14 0 0
U13 0 0
U12 0 0
U11 0 0
U10 0 0
U9 0 0
U8 0 0
================================================================
U14 0 0
U13 0 0
U12 0 0
U11 0 0
U10 0 0
U9 1.26703 0.814788
U8 33.2097 11.0271
================================================================
U14 2.77326 1.69567
U13 0 0
U12 0 0
U11 0 1.69567
U10 0 0
U9 0 0
U8 0 0
================================================================
U14 2.77326 1.69567
U13 3.53068 2.09451
U12 2.71107 4.12011
U11 0 4.12011
U10 3.31075 3.75626
U9 0 0
U8 10.3217 8.24875
================================================================
U14 1.98123 0.938125
U13 0 0
U12 0 0
U11 19.5351 16.1534
U10 0 0
U9 1.1775 0.887404
U8 0 0.887404
================================================================
U14 1.37903 0.723633
U13 1.84939 0.912291
U12 0 0.912291
U11 24.0723 15.9829
U10 3.29481 2.39883
U9 0 0
U8 11.75 15.6537
================================================================
U14 0 0
U13 0 0
U12 0 0
U11 0 0
U10 0 0
U9 0 0
U8 0 0
================================================================
U14 0 0
U13 0 0
U12 0 0
U11 0 0
U10 0 0
U9 0 0
U8 0 0
================================================================
U14 0 0
U13 0 0
U12 1.98919 0.938975
U11 59.2715 5.99851
U10 0 0
U9 0 0
U8 0 0
================================================================
U14 1.37903 0.723633
U13 1.82625 1.05388
U12 0 1.05388
U11 24.0723 15.9829
U10 3.28993 2.54024
U9 0 0
U8 11.8112 15.7875
================================================================
U14 1.36961 0.8673
U13 0 0
U12 0 0
U11 24.1433 16.1272
U10 0 0
U9 0 0
U8 0 0
================================================================
U14 0 0
U13 0 0
U12 2.70902 1.88738
U11 18.214 12.7616
U10 0 0
U9 0 0
U8 0 0
================================================================
U14 0 0
U13 3.53068 2.09451
U12 2.71107 4.12011
U11 66.0737 10.1812
U10 3.31075 3.75626
U9 0 0
U8 10.3217 8.24875
================================================================
U14 2.69805 1.88146
U13 3.5015 2.2685
U12 0 2.2685
U11 -107.857 12.0534
U10 3.30839 3.92707
U9 0 0
U8 10.3142 8.41681
================================================================
U14 0 0
U13 0 0
U12 0 0
U11 0 0
U10 0 0
U9 0 0
U8 0 0
================================================================
U14 0 0
U13 0 0
U12 1.98919 0.938975
U11 59.2715 5.99851
U10 0 0
U9 3.6284 2.31833
U8 6.02057 7.83658
================================================================
U14 2.69805 1.88146
U13 0 0
U12 0 0
U11 -107.857 12.0534
U10 0 0
U9 0 0
U8 0 0
================================================================
U14 2.69805 1.88146
U13 2.57973 1.0174
U12 3.0962 4.95083
U11 21.0988 16.1186
U10 3.4487 2.50961
U9 0 0
U8 9.81773 16.0018
================================================================
U14 0 0
U13 4.36964 2.06905
U12 0 2.06905
U11 0 2.06905
U10 3.3786 3.82213
U9 1.1775 0.887404
U8 0 3.82213
================================================================
U14 0 0
U13 1.84939 0.912291
U12 0 0.912291
U11 0 0.912291
U10 3.29481 2.39883
U9 0 0
U8 11.75 15.6537
================================================================
U14 2.77326 1.69567
U13 0 0
U12 2.70902 1.88738
U11 17.7667 9.18916
U10 0 0
U9 1.41989 0.680017
U8 32.0166 10.9972
================================================================
U14 0 0
U13 0 0
U12 0 0
U11 0 0
U10 0 0
U9 0 0
U8 0 0
================================================================
U14 0 0
U13 3.5015 2.2685
U12 0 2.2685
U11 0 2.2685
U10 3.30839 3.92707
U9 1.1775 0.887404
U8 0 3.92707
================================================================
U14 0 0
U13 3.5015 2.2685
U12 2.69988 4.28964
U11 0 4.28964
U10 3.30839 3.92707
U9 0 0
U8 10.3142 8.41681
================================================================
U14 2.77326 1.69567
U13 0 0
U12 0 0
U11 0 1.69567
U10 0 0
U9 0 0
U8 0 0
================================================================
U14 2.69805 1.88146
U13 0 0
U12 0 0
U11 -107.857 12.0534
U10 0 0
U9 0 0
U8 0 0
================================================================
U14 1.37903 0.723633
U13 1.82625 1.05388
U12 0 1.05388
U11 24.0723 15.9829
U10 3.28993 2.54024
U9 4.15247 1.97934
U8 0 2.54024
================================================================
U14 0 0
U13 0 0
U12 0 0
U11 0 0
U10 0 0
U9 0 0
U8 0 0
================================================================
U14 0 0
U13 0 0
U12 0 0
U11 0 0
U10 0 0
U9 1.26703 0.814788
U8 33.2097 11.0271
================================================================
U14 0 0
U13 0 0
U12 1.98919 0.938975
U11 59.2715 5.99851
U10 0 0
U9 0 0
U8 0 0
================================================================
U14 1.37903 0.723633
U13 1.82625 1.05388
U12 0 1.05388
U11 24.0723 15.9829
U10 3.28993 2.54024
U9 0 0
U8 0 2.54024
================================================================
U14 3.25426 1.67027
U13 0 0
U12 0 0
U11 -115.761 13.127
U10 0 0
U9 0 0
U8 0 0
================================================================
U14 1.98123 0.938125
U13 3.5015 2.2685
U12 0 2.2685
U11 19.5351 16.1534
U10 3.30839 3.92707
U9 0 0
U8 10.3142 8.41681
================================================================
U14 0 0
U13 0 0
U12 0 0
U11 0 0
U10 0 0
U9 1.26703 0.814788
U8 33.2097 11.0271
================================================================
U14 0 0
U13 0 0
U12 0 0
U11 0 0
U10 0 0
U9 0 0
U8 0 0
================================================================
U14 3.25426 1.67027
U13 0 0
U12 0 0
U11 -115.761 13.127
U10 0 0
U9 1.26703 0.814788
U8 33.2097 11.0271
================================================================
U14 0 0
U13 3.53068 2.09451
U12 0 2.09451
U11 0 2.09451
U10 3.31075 3.75626
U9 0 0
U8 10.3217 8.24875
================================================================
U14 2.69805 1.88146
U13 0 0
U12 0 0
U11 -107.857 12.0534
U10 0 0
U9 4.28225 2.06432
U8 6.02072 8.06843
================================================================
U14 1.98123 0.938125
U13 0 0
U12 1.98919 0.938975
U11 24.7037 14.7362
U10 0 0
U9 0 0
U8 0 0
================================================================
U14 0 0
U13 0 0
U12 0 0
U11 0 0
U10 0 0
U9 0 0
U8 0 0
================================================================
U14 0 0
U13 3.53068 2.09451
U12 0 2.09451
U11 0 2.09451
U10 3.31075 3.75626
U9 0 0
U8 0 3.75626
================================================================
U14 0 0
U13 0 0
U12 1.98919 0.938975
U11 59.2715 5.99851
U10 0 0
U9 3.6284 2.31833
U8 6.02057 7.83658
================================================================
U14 0 0
U13 0 0
U12 2.70902 1.88738
U11 18.214 12.7616
U10 0 0
U9 0 0
U8 0 0
================================================================
U14 0 0
U13 2.57973 1.0174
U12 3.06599 5.10709
U11 0 5.10709
U10 3.4487 2.50961
U9 1.41989 0.680017
U8 25.103 15.8062
================================================================
U14 0 0
U13 0 0
U12 0 0
U11 0 0
U10 0 0
U9 1.41989 0.680017
U8 0 0.680017
================================================================
U14 2.77326 1.69567
U13 0 0
U12 0 0
U11 0 1.69567
U10 0 0
U9 0 0
U8 0 0
================================================================
U14 1.37903 0.723633
U13 1.82625 1.05388
U12 0 1.05388
U11 24.0723 15.9829
U10 3.28993 2.54024
U9 1.26703 0.814788
U8 24.2215 16.7672
================================================================
U14 0 0
U13 0 0
U12 2.70902 1.88738
U11 18.214 12.7616
U10 0 0
U9 0 0
U8 0 0
================================================================
U14 0 0
U13 0 0
U12 0 0
U11 0 0
U10 0 0
U9 0 0
U8 0 0
================================================================
U14 1.36961 0.8673
U13 0 0
U12 1.98919 0.938975
U11 21.3997 13.9729
U10 0 0
U9 0 0
U8 0 0
================================================================
U14 0 0
U13 0 0
U12 2.70902 1.88738
U11 18.214 12.7616
U10 0 0
U9 0 0
U8 0 0
================================================================
U14 0 0
U13 0 0
U12 0 0
U11 0 0
U10 0 0
U9 0 0
U8 0 0
================================================================
U14 1.98123 0.938125
U13 2.57973 1.0174
U12 0 1.0174
U11 19.5351 16.1534
U10 3.4487 2.50961
U9 1.26703 0.814788
U8 24.243 16.9228
================================================================
U14 0 0
U13 0 0
U12 2.70902 1.88738
U11 18.214 12.7616
U10 0 0
U9 1.41989 0.680017
U8 32.0166 10.9972
================================================================
U14 0 0
U13 0 0
U12 1.98919 0.938975
U11 59.2715 5.99851
U10 0 0
U9 0 0
U8 0 0
================================================================
U14 0 0
U13 0 0
U12 1.98919 0.938975
U11 0 0.938975
U10 0 0
U9 0 0
U8 0 0
================================================================
U14 1.37903 0.723633
U13 0 0
U12 2.70902 1.88738
U11 0 1.88738
U10 0 0
U9 1.1775 0.887404
U8 33.2653 10.9656
================================================================
U14 2.69805 1.88146
U13 3.5015 2.2685
U12 0 2.2685
U11 -107.857 12.0534
U10 3.30839 3.92707
U9 0 0
U8 10.3142 8.41681
================================================================
U14 0 0
U13 0 0
U12 2.70902 1.88738
U11 18.214 12.7616
U10 0 0
U9 0 0
U8 0 0
================================================================
U14 0 0
U13 0 0
U12 1.98919 0.938975
U11 59.2715 5.99851
U10 0 0
U9 3.6284 2.31833
U8 6.02057 7.83658
================================================================
U14 0 0
U13 0 0
U12 0 0
U11 0 0
U10 0 0
U9 1.26703 0.814788
U8 33.2097 11.0271
================================================================
U14 0 0
U13 3.5015 2.2685
U12 0 2.2685
U11 0 2.2685
U10 3.30839 3.92707
U9 1.41989 0.680017
U8 0 3.92707
================================================================
U14 0 0
U13 0 0
U12 2.70902 1.88738
U11 18.214 12.7616
U10 0 0
U9 1.41989 0.680017
U8 32.0166 10.9972
================================================================
U14 0 0
U13 0 0
U12 1.98919 0.938975
U11 59.2715 5.99851
U10 0 0
U9 0 0
U8 0 0
================================================================
U14 0 0
U13 0 0
U12 0 0
U11 0 0
U10 0 0
U9 0 0
U8 0 0
================================================================
U14 1.36961 0.8673
U13 0 0
U12 2.70902 1.88738
U11 0 1.88738
U10 0 0
U9 1.1775 0.887404
U8 33.2653 10.9656
================================================================
U14 0 0
U13 0 0
U12 2.70902 1.88738
U11 18.214 12.7616
U10 0 0
U9 0 0
U8 0 0
================================================================
U14 1.98123 0.938125
U13 0 0
U12 0 0
U11 19.5351 16.1534
U10 0 0
U9 0 0
U8 0 0
================================================================
U14 0 0
U13 0 0
U12 1.98919 0.938975
U11 59.2715 5.99851
U10 0 0
U9 0 0
U8 0 0
================================================================
U14 0 0
U13 0 0
U12 0 0
U11 0 0
U10 0 0
U9 0 0
U8 0 0
================================================================
U14 0 0
U13 0 0
U12 0 0
U11 0 0
U10 0 0
U9 0 0
U8 0 0
================================================================
U14 3.25426 1.67027
U13 0 0
U12 1.98919 0.938975
U11 0 1.67027
U10 0 0
U9 3.6284 2.31833
U8 6.02057 7.83658
================================================================
U14 0 0
U13 0 0
U12 0 0
U11 0 0
U10 0 0
U9 0 0
U8 0 0
================================================================
U14 3.25426 1.67027
U13 3.53068 2.09451
U12 2.86589 4.11921
U11 0 4.11921
U10 3.31075 3.75626
U9 3.6284 2.31833
U8 8.64222 8.36105
================================================================
U14 0 0
U13 0 0
U12 0 0
U11 0 0
U10 0 0
U9 0 0
U8 0 0
================================================================
U14 3.25426 1.67027
U13 4.36964 2.06905
U12 0 2.06905
U11 -115.761 13.127
U10 3.3786 3.82213
U9 0 0
U8 0 3.82213
================================================================
U14 2.69805 1.88146
U13 3.5015 2.2685
U12 0 2.2685
U11 -107.857 12.0534
U10 3.30839 3.92707
U9 1.26703 0.814788
U8 0 3.92707
================================================================
U14 3.25426 1.67027
U13 0 0
U12 1.98919 0.938975
U11 0 1.67027
U10 0 0
U9 3.6284 2.31833
U8 6.02057 7.83658
================================================================
U14 0 0
U13 0 0
U12 1.98919 0.938975
U11 59.2715 5.99851
U10 0 0
U9 4.15247 1.97934
U8 6.02069 7.88702
================================================================
U14 3.25426 1.67027
U13 0 0
U12 0 0
U11 0 1.67027
U10 0 0
U9 0 0
U8 0 0
================================================================
U14 0 0
U13 0 0
U12 0 0
U11 0 0
U10 0 0
U9 0 0
U8 0 0
================================================================
U14 2.69805 1.88146
U13 0 0
U12 0 0
U11 -107.857 12.0534
U10 0 0
U9 0 0
U8 0 0
================================================================
U14 0 0
U13 3.5015 2.2685
U12 0 2.2685
U11 0 2.2685
U10 3.30839 3.92707
U9 0 0
U8 10.3142 8.41681
================================================================
U14 0 0
U13 0 0
U12 0 0
U11 0 0
U10 0 0
U9 0 0
U8 0 0
================================================================
U14 0 0
U13 1.82625 1.05388
U12 0 1.05388
U11 0 1.05388
U10 3.28993 2.54024
U9 0 0
U8 0 2.54024
================================================================
U14 2.69805 1.88146
U13 0 0
U12 2.70902 1.88738
U11 17.4869 8.52146
U10 0 0
U9 0 0
U8 0 0
================================================================
U14 0 0
U13 0 0
U12 1.98919 0.938975
U11 59.2715 5.99851
U10 0 0
U9 0 0
U8 0 0
================================================================
U14 0 0
U13 0 0
U12 2.70902 1.88738
U11 18.214 12.7616
U10 0 0
U9 0 0
U8 0 0
================================================================
U14 0 0
U13 0 0
U12 0 0
U11 0 0
U10 0 0
U9 0 0
U8 0 0
================================================================
U14 0 0
U13 0 0
U12 0 0
U11 0 0
U10 0 0
U9 0 0
U8 0 0
================================================================
U14 0 0
U13 1.84939 0.912291
U12 0 0.912291
U11 0 0.912291
U10 3.29481 2.39883
U9 3.6284 2.31833
U8 0 2.39883
================================================================
U14 0 0
U13 0 0
U12 0 0
U11 0 0
U10 0 0
U9 0 0
U8 0 0
================================================================
U14 1.98123 0.938125
U13 0 0
U12 0 0
U11 19.5351 16.1534
U10 0 0
U9 0 0
U8 0 0
================================================================
U14 1.37903 0.723633
U13 0 0
U12 0 0
U11 24.0723 15.9829
U10 0 0
U9 0 0
U8 0 0
================================================================
U14 2.77326 1.69567
U13 0 0
U12 2.70902 1.88738
U11 17.7667 9.18916
U10 0 0
U9 0 0
U8 0 0
================================================================
U14 2.69805 1.88146
U13 3.5015 2.2685
U12 0 2.2685
U11 -107.857 12.0534
U10 3.30839 3.92707
U9 0 0
U8 10.3142 8.41681
================================================================
U14 0 0
U13 0 0
U12 2.70902 1.88738
U11 18.214 12.7616
U10 0 0
U9 0 0
U8 0 0
================================================================
U14 3.25426 1.67027
U13 0 0
U12 1.98919 0.938975
U11 0 1.67027
U10 0 0
U9 3.6284 2.31833
U8 6.02057 7.83658
================================================================
U14 0 0
U13 0 0
U12 1.98919 0.938975
U11 59.2715 5.99851
U10 0 0
U9 0 0
U8 0 0
================================================================
U14 0 0
U13 0 0
U12 0 0
U11 0 0
U10 0 0
U9 1.26703 0.814788
U8 0 0.814788
================================================================
U14 0 0
U13 0 0
U12 1.98919 0.938975
U11 59.2715 5.99851
U10 0 0
U9 4.15247 1.97934
U8 6.02069 7.88702
================================================================
U14 0 0
U13 0 0
U12 2.70902 1.88738
U11 18.214 12.7616
U10 0 0
U9 1.1775 0.887404
U8 33.2653 10.9656
================================================================
U14 0 0
U13 0 0
U12 0 0
U11 0 0
U10 0 0
U9 0 0
U8 0 0
================================================================
U14 0 0
U13 0 0
U12 2.70902 1.88738
U11 18.214 12.7616
U10 0 0
U9 1.41989 0.680017
U8 32.0166 10.9972
================================================================
U14 0 0
U13 0 0
U12 0 0
U11 0 0
U10 0 0
U9 0 0
U8 0 0
================================================================
U14 2.69805 1.88146
U13 0 0
U12 2.70902 1.88738
U11 17.4869 8.52146
U10 0 0
U9 0 0
U8 0 0
================================================================
U14 1.37903 0.723633
U13 1.84939 0.912291
U12 2.95193 4.28478
U11 0 4.28478
U10 3.29481 2.39883
U9 1.41989 0.680017
U8 25.0727 15.6284
================================================================
U14 0 0
U13 0 0
U12 2.70902 1.88738
U11 18.214 12.7616
U10 0 0
U9 0 0
U8 0 0
================================================================
U14 0 0
U13 0 0
U12 0 0
U11 0 0
U10 0 0
U9 0 0
U8 0 0
================================================================
U14 3.25426 1.67027
U13 4.36964 2.06905
U12 3.03272 4.22282
U11 0 4.22282
U10 3.3786 3.82213
U9 0 0
U8 10.5399 8.3937
================================================================
U14 0 0
U13 3.53068 2.09451
U12 0 2.09451
U11 0 2.09451
U10 3.31075 3.75626
U9 0 0
U8 10.3217 8.24875
================================================================
U14 1.98123 0.938125
U13 0 0
U12 0 0
U11 19.5351 16.1534
U10 0 0
U9 0 0
U8 0 0
================================================================
U14 3.25426 1.67027
U13 0 0
U12 1.98919 0.938975
U11 0 1.67027
U10 0 0
U9 0 0
U8 0 0
================================================================
U14 0 0
U13 0 0
U12 2.70902 1.88738
U11 18.214 12.7616
U10 0 0
U9 0 0
U8 0 0
================================================================
U14 0 0
U13 0 0
U12 0 0
U11 0 0
U10 0 0
U9 1.26703 0.814788
U8 33.2097 11.0271
================================================================
U14 1.37903 0.723633
U13 0 0
U12 0 0
U11 0 0.723633
U10 0 0
U9 0 0
U8 0 0
================================================================
U14 0 0
U13 0 0
U12 2.70902 1.88738
U11 18.214 12.7616
U10 0 0
U9 1.1775 0.887404
U8 33.2653 10.9656
================================================================
U14 1.98123 0.938125
U13 0 0
U12 0 0
U11 19.5351 16.1534
U10 0 0
U9 3.6284 2.31833
U8 0 2.31833
================================================================
U14 1.36961 0.8673
U13 0 0
U12 2.70902 1.88738
U11 0 1.88738
U10 0 0
U9 1.41989 0.680017
U8 32.0166 10.9972
================================================================
U14 0 0
U13 0 0
U12 0 0
U11 0 0
U10 0 0
U9 0 0
U8 0 0
================================================================
U14 1.98123 0.938125
U13 3.5015 2.2685
U12 2.85396 4.28879
U11 26.5386 20.3985
U10 3.30839 3.92707
U9 4.15247 1.97934
U8 8.34294 8.37758
================================================================
U14 0 0
U13 0 0
U12 2.70902 1.88738
U11 18.214 12.7616
U10 0 0
U9 1.1775 0.887404
U8 33.2653 10.9656
================================================================
U14 2.77326 1.69567
U13 0 0
U12 0 0
U11 0 1.69567
U10 0 0
U9 0 0
U8 0 0
================================================================
U14 0 0
U13 0 0
U12 2.70902 1.88738
U11 18.214 12.7616
U10 0 0
U9 0 0
U8 0 0
================================================================
U14 0 0
U13 0 0
U12 0 0
U11 0 0
U10 0 0
U9 0 0
U8 0 0
================================================================
U14 0 0
U13 0 0
U12 2.70902 1.88738
U11 18.214 12.7616
U10 0 0
U9 0 0
U8 0 0
================================================================
U14 0 0
U13 0 0
U12 1.98919 0.938975
U11 59.2715 5.99851
U10 0 0
U9 0 0
U8 0 0
================================================================
U14 0 0
U13 0 0
U12 0 0
U11 0 0
U10 0 0
U9 0 0
U8 0 0
================================================================
U14 0 0
U13 3.5015 2.2685
U12 2.69988 4.28964
U11 65.9683 10.3352
U10 3.30839 3.92707
U9 0 0
U8 10.3142 8.41681
================================================================
U14 0 0
U13 0 0
U12 0 0
U11 0 0
U10 0 0
U9 0 0
U8 0 0
================================================================
U14 0 0
U13 0 0
U12 1.98919 0.938975
U11 59.2715 5.99851
U10 0 0
U9 4.15247 1.97934
U8 6.02069 7.88702
================================================================
U14 0 0
U13 3.5015 2.2685
U12 2.85396 4.28879
U11 67.4201 10.5481
U10 3.30839 3.92707
U9 4.15247 1.97934
U8 8.34294 8.37758
================================================================
U14 0 0
U13 0 0
U12 0 0
U11 0 0
U10 0 0
U9 0 0
U8 0 0
================================================================
U14 3.25426 1.67027
U13 4.36964 2.06905
U12 3.03272 4.22282
U11 0 4.22282
U10 3.3786 3.82213
U9 0 0
U8 10.5399 8.3937
================================================================
U14 2.69805 1.88146
U13 2.57973 1.0174
U12 3.0962 4.95083
U11 21.0988 16.1186
U10 3.4487 2.50961
U9 0 0
U8 9.81773 16.0018
================================================================
U14 2.69805 1.88146
U13 0 0
U12 0 0
U11 -107.857 12.0534
U10 0 0
U9 0 0
U8 0 0
================================================================
U14 0 0
U13 1.82625 1.05388
U12 0 1.05388
U11 0 1.05388
U10 3.28993 2.54024
U9 4.15247 1.97934
U8 0 2.54024
================================================================
U14 0 0
U13 1.84939 0.912291
U12 2.95193 4.28478
U11 17.7235 15.7429
U10 3.29481 2.39883
U9 1.1775 0.887404
U8 23.5993 17.0946
================================================================
U14 2.77326 1.69567
U13 4.36964 2.06905
U12 3.03272 4.22282
U11 0 4.22282
U10 3.3786 3.82213
U9 0 0
U8 10.5399 8.3937
================================================================
U14 0 0
U13 0 0
U12 2.70902 1.88738
U11 18.214 12.7616
U10 0 0
U9 0 0
U8 0 0
================================================================
U14 0 0
U13 0 0
U12 0 0
U11 0 0
U10 0 0
U9 0 0
U8 0 0
================================================================
U14 0 0
U13 4.36964 2.06905
U12 3.20895 4.2205
U11 70.7652 10.9724
U10 3.3786 3.82213
U9 3.6284 2.31833
U8 8.53972 8.43515
================================================================
U14 0 0
U13 0 0
U12 1.98919 0.938975
U11 59.2715 5.99851
U10 0 0
U9 0 0
U8 0 0
================================================================
U14 1.37903 0.723633
U13 0 0
U12 1.98919 0.938975
U11 22.5188 14.002
U10 0 0
U9 0 0
U8 0 0
================================================================
U14 1.37903 0.723633
U13 1.82625 1.05388
U12 3.02411 4.25401
U11 0 4.25401
U10 3.28993 2.54024
U9 0 0
U8 11.8112 15.7875
================================================================
U14 2.69805 1.88146
U13 3.5015 2.2685
U12 2.69988 4.28964
U11 0 4.28964
U10 3.30839 3.92707
U9 0 0
U8 10.3142 8.41681
================================================================
U14 0 0
U13 0 0
U12 0 0
U11 0 0
U10 0 0
U9 0 0
U8 0 0
================================================================
U14 1.36961 0.8673
U13 1.84939 0.912291
U12 3.02632 4.13493
U11 0 4.13493
U10 3.29481 2.39883
U9 0 0
U8 11.75 15.6537
================================================================
U14 1.98123 0.938125
U13 2.57973 1.0174
U12 3.0962 4.95083
U11 0 4.95083
U10 3.4487 2.50961
U9 0 0
U8 9.81773 16.0018
================================================================
U14 2.69805 1.88146
U13 0 0
U12 0 0
U11 -107.857 12.0534
U10 0 0
U9 0 0
U8 0 0
================================================================
U14 0 0
U13 3.53068 2.09451
U12 2.71107 4.12011
U11 66.0737 10.1812
U10 3.31075 3.75626
U9 0 0
U8 10.3217 8.24875
================================================================
U14 0 0
U13 0 0
U12 0 0
U11 0 0
U10 0 0
U9 1.26703 0.814788
U8 33.2097 11.0271
================================================================
U14 0 0
U13 0 0
U12 2.70902 1.88738
U11 18.214 12.7616
U10 0 0
U9 0 0
U8 0 0
================================================================
U14 0 0
U13 0 0
U12 2.70902 1.88738
U11 18.214 12.7616
U10 0 0
U9 1.41989 0.680017
U8 32.0166 10.9972
================================================================
U14 0 0
U13 0 0
U12 2.70902 1.88738
U11 18.214 12.7616
U10 0 0
U9 1.41989 0.680017
U8 32.0166 10.9972
================================================================
U14 2.69805 1.88146
U13 2.57973 1.0174
U12 3.06599 5.10709
U11 21.0924 16.2985
U10 3.4487 2.50961
U9 1.1775 0.887404
U8 23.6096 17.4332
================================================================
U14 2.69805 1.88146
U13 0 0
U12 0 0
U11 -107.857 12.0534
U10 0 0
U9 0 0
U8 0 0
================================================================
U14 0 0
U13 0 0
U12 2.70902 1.88738
U11 18.214 12.7616
U10 0 0
U9 1.1775 0.887404
U8 33.2653 10.9656
================================================================
U14 0 0
U13 4.36964 2.06905
U12 3.20895 4.2205
U11 70.7652 10.9724
U10 3.3786 3.82213
U9 3.6284 2.31833
U8 8.53972 8.43515
================================================================
U14 0 0
U13 0 0
U12 0 0
U11 0 0
U10 0 0
U9 0 0
U8 0 0
================================================================
U14 3.25426 1.67027
U13 0 0
U12 0 0
U11 0 1.67027
U10 0 0
U9 0 0
U8 0 0
================================================================
U14 0 0
U13 1.82625 1.05388
U12 2.94832 4.40366
U11 17.7308 15.8531
U10 3.28993 2.54024
U9 1.41989 0.680017
U8 25.0718 15.7677
================================================================
U14 1.98123 0.938125
U13 0 0
U12 0 0
U11 19.5351 16.1534
U10 0 0
U9 0 0
U8 0 0
================================================================
U14 0 0
U13 0 0
U12 0 0
U11 0 0
U10 0 0
U9 4.28225 2.06432
U8 6.02072 8.06843
================================================================
U14 1.37903 0.723633
U13 1.82625 1.05388
U12 3.02411 4.25401
U11 0 4.25401
U10 3.28993 2.54024
U9 0 0
U8 11.8112 15.7875
================================================================
U14 1.37903 0.723633
U13 0 0
U12 1.98919 0.938975
U11 22.5188 14.002
U10 0 0
U9 0 0
U8 0 0
================================================================
U14 1.37903 0.723633
U13 1.82625 1.05388
U12 0 1.05388
U11 24.0723 15.9829
U10 3.28993 2.54024
U9 3.6284 2.31833
U8 0 2.54024
================================================================
U14 0 0
U13 0 0
U12 2.70902 1.88738
U11 18.214 12.7616
U10 0 0
U9 0 0
U8 0 0
================================================================
U14 0 0
U13 1.82625 1.05388
U12 0 1.05388
U11 0 1.05388
U10 3.28993 2.54024
U9 4.15247 1.97934
U8 0 2.54024
================================================================
U14 0 0
U13 1.84939 0.912291
U12 0 0.912291
U11 0 0.912291
U10 3.29481 2.39883
U9 0 0
U8 0 2.39883
================================================================
U14 1.98123 0.938125
U13 3.5015 2.2685
U12 0 2.2685
U11 19.5351 16.1534
U10 3.30839 3.92707
U9 1.1775 0.887404
U8 0 3.92707
================================================================
U14 1.37903 0.723633
U13 0 0
U12 0 0
U11 0 0.723633
U10 0 0
U9 0 0
U8 0 0
================================================================
U14 1.36961 0.8673
U13 0 0
U12 0 0
U11 0 0.8673
U10 0 0
U9 0 0
U8 0 0
================================================================
U14 1.98123 0.938125
U13 3.5015 2.2685
U12 0 2.2685
U11 19.5351 16.1534
U10 3.30839 3.92707
U9 0 0
U8 0 3.92707
================================================================
U14 0 0
U13 0 0
U12 2.70902 1.88738
U11 18.214 12.7616
U10 0 0
U9 1.1775 0.887404
U8 33.2653 10.9656
================================================================
U14 0 0
U13 0 0
U12 0 0
U11 0 0
U10 0 0
U9 0 0
U8 0 0
================================================================
U14 0 0
U13 3.53068 2.09451
U12 2.71107 4.12011
U11 66.0737 10.1812
U10 3.31075 3.75626
U9 0 0
U8 10.3217 8.24875
================================================================
U14 0 0
U13 0 0
U12 0 0
U11 0 0
U10 0 0
U9 0 0
U8 0 0
================================================================
U14 0 0
U13 0 0
U12 1.98919 0.938975
U11 59.2715 5.99851
U10 0 0
U9 3.6284 2.31833
U8 6.02057 7.83658
================================================================
U14 0 0
U13 0 0
U12 1.98919 0.938975
U11 59.2715 5.99851
U10 0 0
U9 0 0
U8 0 0
================================================================
U14 0 0
U13 0 0
U12 2.70902 1.88738
U11 18.214 12.7616
U10 0 0
U9 1.41989 0.680017
U8 32.0166 10.9972
================================================================
U14 0 0
U13 0 0
U12 2.70902 1.88738
U11 18.214 12.7616
U10 0 0
U9 1.1775 0.887404
U8 33.2653 10.9656
================================================================
U14 2.69805 1.88146
U13 0 0
U12 0 0
U11 -107.857 12.0534
U10 0 0
U9 1.26703 0.814788
U8 0 0.814788
================================================================
U14 0 0
U13 0 0
U12 1.98919 0.938975
U11 59.2715 5.99851
U10 0 0
U9 0 0
U8 0 0
================================================================
U14 0 0
U13 0 0
U12 0 0
U11 0 0
U10 0 0
U9 0 0
U8 0 0
================================================================
U14 0 0
U13 0 0
U12 2.70902 1.88738
U11 18.214 12.7616
U10 0 0
U9 0 0
U8 0 0
================================================================
U14 2.69805 1.88146
U13 3.5015 2.2685
U12 0 2.2685
U11 -107.857 12.0534
U10 3.30839 3.92707
U9 0 0
U8 10.3142 8.41681
================================================================
U14 1.37903 0.723633
U13 0 0
U12 2.70902 1.88738
U11 0 1.88738
U10 0 0
U9 1.41989 0.680017
U8 32.0166 10.9972
================================================================
U14 0 0
U13 0 0
U12 0 0
U11 0 0
U10 0 0
U9 0 0
U8 0 0
================================================================
U14 0 0
U13 0 0
U12 0 0
U11 0 0
U10 0 0
U9 0 0
U8 0 0
================================================================
U14 2.77326 1.69567
U13 0 0
U12 0 0
U11 0 1.69567
U10 0 0
U9 0 0
U8 0 0
================================================================
U14 0 0
U13 0 0
U12 0 0
U11 0 0
U10 0 0
U9 1.26703 0.814788
U8 33.2097 11.0271
================================================================
U14 0 0
U13 0 0
U12 0 0
U11 0 0
U10 0 0
U9 0 0
U8 0 0
================================================================
U14 0 0
U13 0 0
U12 0 0
U11 0 0
U10 0 0
U9 0 0
U8 0 0
================================================================
U14 1.37903 0.723633
U13 0 0
U12 0 0
U11 24.0723 15.9829
U10 0 0
U9 0 0
U8 0 0
================================================================
U14 0 0
U13 3.5015 2.2685
U12 2.85396 4.28879
U11 0 4.28879
U10 3.30839 3.92707
U9 3.6284 2.31833
U8 8.50194 8.64352
================================================================
U14 2.69805 1.88146
U13 0 0
U12 0 0
U11 -107.857 12.0534
U10 0 0
U9 0 0
U8 0 0
================================================================
U14 0 0
U13 0 0
U12 1.98919 0.938975
U11 59.2715 5.99851
U10 0 0
U9 4.15247 1.97934
U8 6.02069 7.88702
================================================================
U14 0 0
U13 0 0
U12 0 0
U11 0 0
U10 0 0
U9 0 0
U8 0 0
================================================================
U14 0 0
U13 4.36964 2.06905
U12 0 2.06905
U11 0 2.06905
U10 3.3786 3.82213
U9 0 0
U8 10.5399 8.3937
================================================================
U14 0 0
U13 0 0
U12 0 0
U11 0 0
U10 0 0
U9 0 0
U8 0 0
================================================================
U14 2.77326 1.69567
U13 0 0
U12 2.70902 1.88738
U11 17.7667 9.18916
U10 0 0
U9 1.1775 0.887404
U8 33.2653 10.9656
================================================================
U14 0 0
U13 0 0
U12 2.70902 1.88738
U11 18.214 12.7616
U10 0 0
U9 0 0
U8 0 0
================================================================
U14 0 0
U13 4.36964 2.06905
U12 0 2.06905
U11 0 2.06905
U10 3.3786 3.82213
U9 1.41989 0.680017
U8 0 3.82213
================================================================
U14 3.25426 1.67027
U13 3.53068 2.09451
U12 2.86589 4.11921
U11 0 4.11921
U10 3.31075 3.75626
U9 0 0
U8 10.3217 8.24875
================================================================
U14 0 0
U13 3.53068 2.09451
U12 0 2.09451
U11 0 2.09451
U10 3.31075 3.75626
U9 0 0
U8 10.3217 8.24875
================================================================
U14 0 0
U13 0 0
U12 0 0
U11 0 0
U10 0 0
U9 0 0
U8 0 0
================================================================
U14 1.37903 0.723633
U13 1.82625 1.05388
U12 0 1.05388
U11 24.0723 15.9829
U10 3.28993 2.54024
U9 4.15247 1.97934
U8 0 2.54024
================================================================
U14 1.98123 0.938125
U13 2.57973 1.0174
U12 0 1.0174
U11 19.5351 16.1534
U10 3.4487 2.50961
U9 0 0
U8 9.81773 16.0018
================================================================
U14 0 0
U13 2.57973 1.0174
U12 0 1.0174
U11 0 1.0174
U10 3.4487 2.50961
U9 0 0
U8 9.81773 16.0018
================================================================
U14 0 0
U13 0 0
U12 0 0
U11 0 0
U10 0 0
U9 1.26703 0.814788
U8 33.2097 11.0271
================================================================
U14 0 0
U13 0 0
U12 2.70902 1.88738
U11 18.214 12.7616
U10 0 0
U9 1.1775 0.887404
U8 33.2653 10.9656
================================================================
U14 0 0
U13 0 0
U12 1.98919 0.938975
U11 59.2715 5.99851
U10 0 0
U9 3.6284 2.31833
U8 6.02057 7.83658
================================================================
U14 1.36961 0.8673
U13 0 0
U12 0 0
U11 24.1433 16.1272
U10 0 0
U9 0 0
U8 0 0
================================================================
U14 2.69805 1.88146
U13 2.57973 1.0174
U12 0 1.0174
U11 -107.857 12.0534
U10 3.4487 2.50961
U9 4.15247 1.97934
U8 0 2.50961
================================================================
U14 1.37903 0.723633
U13 0 0
U12 0 0
U11 24.0723 15.9829
U10 0 0
U9 4.28225 2.06432
U8 6.02072 8.06843
================================================================
U14 0 0
U13 0 0
U12 0 0
U11 0 0
U10 0 0
U9 1.26703 0.814788
U8 33.2097 11.0271
================================================================
U14 0 0
U13 0 0
U12 1.98919 0.938975
U11 59.2715 5.99851
U10 0 0
U9 4.15247 1.97934
U8 6.02069 7.88702
================================================================
U14 0 0
U13 1.82625 1.05388
U12 2.94832 4.40366
U11 17.7308 15.8531
U10 3.28993 2.54024
U9 0 0
U8 11.8112 15.7875
================================================================
U14 1.37903 0.723633
U13 0 0
U12 2.70902 1.88738
U11 0 1.88738
U10 0 0
U9 0 0
U8 0 0
================================================================
U14 0 0
U13 4.36964 2.06905
U12 0 2.06905
U11 0 2.06905
U10 3.3786 3.82213
U9 4.28225 2.06432
U8 8.55811 8.00563
================================================================
U14 1.36961 0.8673
U13 0 0
U12 0 0
U11 0 0.8673
U10 0 0
U9 0 0
U8 0 0
================================================================
U14 2.69805 1.88146
U13 3.5015 2.2685
U12 0 2.2685
U11 -107.857 12.0534
U10 3.30839 3.92707
U9 0 0
U8 10.3142 8.41681
================================================================
U14 0 0
U13 0 0
U12 0 0
U11 0 0
U10 0 0
U9 1.26703 0.814788
U8 33.2097 11.0271
================================================================
U14 1.98123 0.938125
U13 3.5015 2.2685
U12 0 2.2685
U11 19.5351 16.1534
U10 3.30839 3.92707
U9 0 0
U8 10.3142 8.41681
================================================================
U14 0 0
U13 1.84939 0.912291
U12 3.02632 4.13493
U11 17.5733 15.7719
U10 3.29481 2.39883
U9 0 0
U8 11.75 15.6537
================================================================
U14 0 0
U13 1.82625 1.05388
U12 0 1.05388
U11 0 1.05388
U10 3.28993 2.54024
U9 0 0
U8 11.8112 15.7875
================================================================
U14 0 0
U13 3.53068 2.09451
U12 0 2.09451
U11 0 2.09451
U10 3.31075 3.75626
U9 0 0
U8 10.3217 8.24875
================================================================
U14 1.37903 0.723633
U13 1.82625 1.05388
U12 3.02411 4.25401
U11 0 4.25401
U10 3.28993 2.54024
U9 0 0
U8 11.8112 15.7875
================================================================
U14 0 0
U13 0 0
U12 0 0
U11 0 0
U10 0 0
U9 0 0
U8 0 0
================================================================
U14 0 0
U13 0 0
U12 0 0
U11 0 0
U10 0 0
U9 1.26703 0.814788
U8 33.2097 11.0271
================================================================
U14 0 0
U13 0 0
U12 2.70902 1.88738
U11 18.214 12.7616
U10 0 0
U9 0 0
U8 0 0
================================================================
U14 1.98123 0.938125
U13 2.57973 1.0174
U12 0 1.0174
U11 19.5351 16.1534
U10 3.4487 2.50961
U9 3.6284 2.31833
U8 0 2.50961
================================================================
U14 2.77326 1.69567
U13 0 0
U12 2.70902 1.88738
U11 17.7667 9.18916
U10 0 0
U9 1.1775 0.887404
U8 33.2653 10.9656
================================================================
U14 0 0
U13 0 0
U12 0 0
U11 0 0
U10 0 0
U9 3.6284 2.31833
U8 0 2.31833
================================================================
U14 0 0
U13 2.57973 1.0174
U12 3.0962 4.95083
U11 17.4322 16.7558
U10 3.4487 2.50961
U9 0 0
U8 9.81773 16.0018
================================================================
U14 3.25426 1.67027
U13 4.36964 2.06905
U12 3.03272 4.22282
U11 0 4.22282
U10 3.3786 3.82213
U9 0 0
U8 10.5399 8.3937
================================================================
U14 0 0
U13 0 0
U12 2.70902 1.88738
U11 18.214 12.7616
U10 0 0
U9 1.41989 0.680017
U8 32.0166 10.9972
================================================================
U14 1.98123 0.938125
U13 0 0
U12 0 0
U11 19.5351 16.1534
U10 0 0
U9 4.28225 2.06432
U8 6.02072 8.06843
================================================================
U14 0 0
U13 0 0
U12 2.70902 1.88738
U11 0 1.88738
U10 0 0
U9 1.41989 0.680017
U8 32.0166 10.9972
================================================================
U14 3.25426 1.67027
U13 0 0
U12 0 0
U11 0 1.67027
U10 0 0
U9 0 0
U8 0 0
================================================================
U14 0 0
U13 0 0
U12 1.98919 0.938975
U11 59.2715 5.99851
U10 0 0
U9 4.15247 1.97934
U8 6.02069 7.88702
================================================================
U14 0 0
U13 0 0
U12 0 0
U11 0 0
U10 0 0
U9 0 0
U8 0 0
================================================================
U14 1.37903 0.723633
U13 1.82625 1.05388
U12 0 1.05388
U11 24.0723 15.9829
U10 3.28993 2.54024
U9 0 0
U8 11.8112 15.7875
================================================================
U14 2.69805 1.88146
U13 2.57973 1.0174
U12 3.0962 4.95083
U11 21.0988 16.1186
U10 3.4487 2.50961
U9 0 0
U8 9.81773 16.0018
================================================================
U14 0 0
U13 0 0
U12 0 0
U11 0 0
U10 0 0
U9 0 0
U8 0 0
================================================================
U14 2.77326 1.69567
U13 0 0
U12 2.70902 1.88738
U11 17.7667 9.18916
U10 0 0
U9 0 0
U8 0 0
================================================================
U14 0 0
U13 0 0
U12 0 0
U11 0 0
U10 0 0
U9 0 0
U8 0 0
================================================================
U14 0 0
U13 0 0
U12 1.98919 0.938975
U11 59.2715 5.99851
U10 0 0
U9 4.15247 1.97934
U8 6.02069 7.88702
================================================================
U14 0 0
U13 0 0
U12 1.98919 0.938975
U11 59.2715 5.99851
U10 0 0
U9 0 0
U8 0 0
================================================================
U14 0 0
U13 4.36964 2.06905
U12 0 2.06905
U11 0 2.06905
U10 3.3786 3.82213
U9 0 0
U8 10.5399 8.3937
================================================================
U14 0 0
U13 0 0
U12 0 0
U11 0 0
U10 0 0
U9 0 0
U8 0 0
================================================================
U14 1.98123 0.938125
U13 3.5015 2.2685
U12 0 2.2685
U11 19.5351 16.1534
U10 3.30839 3.92707
U9 1.41989 0.680017
U8 0 3.92707
================================================================
U14 2.69805 1.88146
U13 2.57973 1.0174
U12 0 1.0174
U11 -107.857 12.0534
U10 3.4487 2.50961
U9 3.6284 2.31833
U8 0 2.50961
================================================================
U14 0 0
U13 1.84939 0.912291
U12 0 0.912291
U11 0 0.912291
U10 3.29481 2.39883
U9 4.15247 1.97934
U8 0 2.39883
================================================================
U14 0 0
U13 1.82625 1.05388
U12 0 1.05388
U11 0 1.05388
U10 3.28993 2.54024
U9 4.15247 1.97934
U8 0 2.54024
================================================================
U14 0 0
U13 3.5015 2.2685
U12 0 2.2685
U11 0 2.2685
U10 3.30839 3.92707
U9 0 0
U8 10.3142 8.41681
================================================================
U14 1.98123 0.938125
U13 0 0
U12 0 0
U11 19.5351 16.1534
U10 0 0
U9 0 0
U8 0 0
================================================================
U14 1.37903 0.723633
U13 0 0
U12 0 0
U11 0 0.723633
U10 0 0
U9 0 0
U8 0 0
================================================================
U14 3.25426 1.67027
U13 0 0
U12 1.98919 0.938975
U11 0 1.67027
U10 0 0
U9 0 0
U8 0 0
================================================================
U14 2.77326 1.69567
U13 4.36964 2.06905
U12 3.20895 4.2205
U11 0 4.2205
U10 3.3786 3.82213
U9 0 0
U8 10.5399 8.3937
================================================================
U14 0 0
U13 0 0
U12 1.98919 0.938975
U11 0 0.938975
U10 0 0
U9 3.6284 2.31833
U8 6.02057 7.83658
================================================================
U14 3.25426 1.67027
U13 3.53068 2.09451
U12 0 2.09451
U11 -115.761 13.127
U10 3.31075 3.75626
U9 1.26703 0.814788
U8 0 3.75626
================================================================
U14 0 0
U13 0 0
U12 0 0
U11 0 0
U10 0 0
U9 0 0
U8 0 0
================================================================
U14 0 0
U13 0 0
U12 2.70902 1.88738
U11 18.214 12.7616
U10 0 0
U9 0 0
U8 0 0
================================================================
U14 0 0
U13 4.36964 2.06905
U12 3.03272 4.22282
U11 69.1045 10.7302
U10 3.3786 3.82213
U9 0 0
U8 10.5399 8.3937
================================================================
U14 0 0
U13 0 0
U12 1.98919 0.938975
U11 59.2715 5.99851
U10 0 0
U9 3.6284 2.31833
U8 6.02057 7.83658
================================================================
U14 1.36961 0.8673
U13 1.84939 0.912291
U12 0 0.912291
U11 24.1433 16.1272
U10 3.29481 2.39883
U9 0 0
U8 0 2.39883
================================================================
U14 1.98123 0.938125
U13 3.5015 2.2685
U12 0 2.2685
U11 19.5351 16.1534
U10 3.30839 3.92707
U9 1.26703 0.814788
U8 0 3.92707
================================================================
U14 0 0
U13 0 0
U12 0 0
U11 0 0
U10 0 0
U9 4.28225 2.06432
U8 6.02072 8.06843
================================================================
U14 1.98123 0.938125
U13 2.57973 1.0174
U12 0 1.0174
U11 19.5351 16.1534
U10 3.4487 2.50961
U9 0 0
U8 0 2.50961
================================================================
U14 0 0
U13 3.53068 2.09451
U12 0 2.09451
U11 0 2.09451
U10 3.31075 3.75626
U9 0 0
U8 10.3217 8.24875
================================================================
U14 2.77326 1.69567
U13 3.53068 2.09451
U12 2.86589 4.11921
U11 0 4.11921
U10 3.31075 3.75626
U9 0 0
U8 10.3217 8.24875
================================================================
U14 2.69805 1.88146
U13 0 0
U12 0 0
U11 -107.857 12.0534
U10 0 0
U9 0 0
U8 0 0
================================================================
U14 2.77326 1.69567
U13 0 0
U12 0 0
U11 -108.926 12.0413
U10 0 0
U9 1.26703 0.814788
U8 33.2097 11.0271
================================================================
U14 3.25426 1.67027
U13 4.36964 2.06905
U12 0 2.06905
U11 -115.761 13.127
U10 3.3786 3.82213
U9 1.41989 0.680017
U8 0 3.82213
================================================================
U14 3.25426 1.67027
U13 0 0
U12 0 0
U11 -115.761 13.127
U10 0 0
U9 4.28225 2.06432
U8 6.02072 8.06843
================================================================
U14 1.98123 0.938125
U13 0 0
U12 0 0
U11 19.5351 16.1534
U10 0 0
U9 0 0
U8 0 0
================================================================
U14 0 0
U13 3.5015 2.2685
U12 2.85396 4.28879
U11 67.4201 10.5481
U10 3.30839 3.92707
U9 0 0
U8 10.3142 8.41681
================================================================
U14 2.69805 1.88146
U13 0 0
U12 0 0
U11 -107.857 12.0534
U10 0 0
U9 0 0
U8 0 0
================================================================
U14 1.98123 0.938125
U13 3.5015 2.2685
U12 0 2.2685
U11 19.5351 16.1534
U10 3.30839 3.92707
U9 0 0
U8 10.3142 8.41681
================================================================
U14 0 0
U13 0 0
U12 1.98919 0.938975
U11 59.2715 5.99851
U10 0 0
U9 3.6284 2.31833
U8 6.02057 7.83658
================================================================
U14 0 0
U13 0 0
U12 0 0
U11 0 0
U10 0 0
U9 4.28225 2.06432
U8 6.02072 8.06843
================================================================
U14 0 0
U13 0 0
U12 1.98919 0.938975
U11 59.2715 5.99851
U10 0 0
U9 3.6284 2.31833
U8 6.02057 7.83658
================================================================
U14 0 0
U13 1.82625 1.05388
U12 0 1.05388
U11 0 1.05388
U10 3.28993 2.54024
U9 1.26703 0.814788
U8 24.2215 16.7672
================================================================
U14 3.25426 1.67027
U13 3.53068 2.09451
U12 0 2.09451
U11 -115.761 13.127
U10 3.31075 3.75626
U9 0 0
U8 0 3.75626
================================================================
U14 0 0
U13 0 0
U12 0 0
U11 0 0
U10 0 0
U9 0 0
U8 0 0
================================================================
U14 0 0
U13 3.53068 2.09451
U12 0 2.09451
U11 0 2.09451
U10 3.31075 3.75626
U9 4.28225 2.06432
U8 8.70128 7.97085
================================================================
U14 0 0
U13 0 0
U12 0 0
U11 0 0
U10 0 0
U9 0 0
U8 0 0
================================================================
U14 0 0
U13 0 0
U12 0 0
U11 0 0
U10 0 0
U9 0 0
U8 0 0
================================================================
U14 1.98123 0.938125
U13 3.5015 2.2685
U12 2.69988 4.28964
U11 26.5092 20.2549
U10 3.30839 3.92707
U9 0 0
U8 10.3142 8.41681
================================================================
U14 0 0
U13 4.36964 2.06905
U12 3.20895 4.2205
U11 70.7652 10.9724
U10 3.3786 3.82213
U9 0 0
U8 10.5399 8.3937
================================================================
U14 0 0
U13 0 0
U12 0 0
U11 0 0
U10 0 0
U9 0 0
U8 0 0
================================================================
U14 2.69805 1.88146
U13 0 0
U12 0 0
U11 -107.857 12.0534
U10 0 0
U9 0 0
U8 0 0
================================================================
U14 0 0
U13 0 0
U12 1.98919 0.938975
U11 59.2715 5.99851
U10 0 0
U9 0 0
U8 0 0
================================================================
U14 0 0
U13 1.82625 1.05388
U12 3.02411 4.25401
U11 17.5778 15.8857
U10 3.28993 2.54024
U9 0 0
U8 11.8112 15.7875
================================================================
U14 1.36961 0.8673
U13 0 0
U12 0 0
U11 24.1433 16.1272
U10 0 0
U9 1.26703 0.814788
U8 33.2097 11.0271
================================================================
U14 3.25426 1.67027
U13 0 0
U12 2.70902 1.88738
U11 18.0398 9.40681
U10 0 0
U9 0 0
U8 0 0
================================================================
U14 0 0
U13 0 0
U12 2.70902 1.88738
U11 18.214 12.7616
U10 0 0
U9 0 0
U8 0 0
================================================================
U14 3.25426 1.67027
U13 3.53068 2.09451
U12 2.71107 4.12011
U11 0 4.12011
U10 3.31075 3.75626
U9 0 0
U8 10.3217 8.24875
================================================================
U14 0 0
U13 3.5015 2.2685
U12 2.85396 4.28879
U11 67.4201 10.5481
U10 3.30839 3.92707
U9 0 0
U8 10.3142 8.41681
================================================================
U14 0 0
U13 0 0
U12 0 0
U11 0 0
U10 0 0
U9 0 0
U8 0 0
================================================================
U14 2.69805 1.88146
U13 0 0
U12 0 0
U11 -107.857 12.0534
U10 0 0
U9 1.26703 0.814788
U8 0 0.814788
================================================================
U14 0 0
U13 0 0
U12 2.70902 1.88738
U11 18.214 12.7616
U10 0 0
U9 1.41989 0.680017
U8 32.0166 10.9972
================================================================
U14 0 0
U13 0 0
U12 0 0
U11 0 0
U10 0 0
U9 0 0
U8 0 0
================================================================
U14 0 0
U13 3.5015 2.2685
U12 2.69988 4.28964
U11 65.9683 10.3352
U10 3.30839 3.92707
U9 0 0
U8 10.3142 8.41681
================================================================
U14 0 0
U13 0 0
U12 1.98919 0.938975
U11 59.2715 5.99851
U10 0 0
U9 0 0
U8 0 0
================================================================
U14 3.25426 1.67027
U13 4.36964 2.06905
U12 0 2.06905
U11 -115.761 13.127
U10 3.3786 3.82213
U9 4.28225 2.06432
U8 8.55811 8.00563
================================================================
U14 1.37903 0.723633
U13 1.82625 1.05388
U12 0 1.05388
U11 24.0723 15.9829
U10 3.28993 2.54024
U9 3.6284 2.31833
U8 0 2.54024
================================================================
U14 3.25426 1.67027
U13 3.53068 2.09451
U12 2.71107 4.12011
U11 0 4.12011
U10 3.31075 3.75626
U9 0 0
U8 10.3217 8.24875
================================================================
U14 0 0
U13 0 0
U12 2.70902 1.88738
U11 18.214 12.7616
U10 0 0
U9 1.41989 0.680017
U8 32.0166 10.9972
================================================================
U14 0 0
U13 1.82625 1.05388
U12 2.94832 4.40366
U11 17.7308 15.8531
U10 3.28993 2.54024
U9 1.1775 0.887404
U8 23.5989 17.2288
================================================================
U14 0 0
U13 1.82625 1.05388
U12 0 1.05388
U11 0 1.05388
U10 3.28993 2.54024
U9 0 0
U8 11.8112 15.7875
================================================================
U14 0 0
U13 2.57973 1.0174
U12 3.06599 5.10709
U11 0 5.10709
U10 3.4487 2.50961
U9 0 0
U8 9.81773 16.0018
================================================================
U14 0 0
U13 0 0
U12 2.70902 1.88738
U11 18.214 12.7616
U10 0 0
U9 0 0
U8 0 0
================================================================
U14 0 0
U13 0 0
U12 0 0
U11 0 0
U10 0 0
U9 1.26703 0.814788
U8 33.2097 11.0271
================================================================
U14 0 0
U13 0 0
U12 0 0
U11 0 0
U10 0 0
U9 0 0
U8 0 0
================================================================
U14 2.69805 1.88146
U13 0 0
U12 0 0
U11 -107.857 12.0534
U10 0 0
U9 1.26703 0.814788
U8 0 0.814788
================================================================
U14 2.77326 1.69567
U13 4.36964 2.06905
U12 0 2.06905
U11 -108.926 12.0413
U10 3.3786 3.82213
U9 0 0
U8 10.5399 8.3937
================================================================
U14 1.37903 0.723633
U13 0 0
U12 2.70902 1.88738
U11 0 1.88738
U10 0 0
U9 0 0
U8 0 0
================================================================
U14 0 0
U13 0 0
U12 0 0
U11 0 0
U10 0 0
U9 4.28225 2.06432
U8 6.02072 8.06843
================================================================
U14 0 0
U13 0 0
U12 2.70902 1.88738
U11 18.214 12.7616
U10 0 0
U9 1.41989 0.680017
U8 32.0166 10.9972
================================================================
U14 0 0
U13 0 0
U12 1.98919 0.938975
U11 59.2715 5.99851
U10 0 0
U9 4.15247 1.97934
U8 6.02069 7.88702
================================================================
U14 0 0
U13 0 0
U12 0 0
U11 0 0
U10 0 0
U9 0 0
U8 0 0
================================================================
U14 0 0
U13 0 0
U12 1.98919 0.938975
U11 59.2715 5.99851
U10 0 0
U9 3.6284 2.31833
U8 6.02057 7.83658
================================================================
U14 0 0
U13 1.84939 0.912291
U12 0 0.912291
U11 0 0.912291
U10 3.29481 2.39883
U9 0 0
U8 0 2.39883
================================================================
U14 0 0
U13 0 0
U12 0 0
U11 0 0
U10 0 0
U9 0 0
U8 0 0
================================================================
U14 0 0
U13 0 0
U12 0 0
U11 0 0
U10 0 0
U9 0 0
U8 0 0
================================================================
U14 1.36961 0.8673
U13 1.82625 1.05388
U12 0 1.05388
U11 24.1433 16.1272
U10 3.28993 2.54024
U9 0 0
U8 11.8112 15.7875
================================================================
U14 1.37903 0.723633
U13 1.84939 0.912291
U12 3.02632 4.13493
U11 0 4.13493
U10 3.29481 2.39883
U9 0 0
U8 11.75 15.6537
================================================================
U14 2.69805 1.88146
U13 0 0
U12 0 0
U11 -107.857 12.0534
U10 0 0
U9 0 0
U8 0 0
================================================================
U14 0 0
U13 0 0
U12 0 0
U11 0 0
U10 0 0
U9 0 0
U8 0 0
================================================================
U14 2.69805 1.88146
U13 2.57973 1.0174
U12 3.0962 4.95083
U11 21.0988 16.1186
U10 3.4487 2.50961
U9 0 0
U8 9.81773 16.0018
